<?xml version="1.0" encoding="UTF-8"?>
<!-- Generated by org.testng.reporters.JUnitXMLReporter -->
<testsuite ignored="4" hostname="DESKTOP-53EJ0K8" failures="0" tests="2" name="Test" time="0.352" errors="0" timestamp="2024-01-06T06:47:31 IST">
  <testcase classname="ins.aiite.TestNGConcepts.GroupingSample" name="testTwo" time="0.017"/>
  <testcase classname="ins.aiite.TestNGConcepts.GroupingSample" name="testOne" time="0.001"/>
  <testcase classname="ins.aiite.TestNGConcepts.GroupingSample" name="testSix" time="0.0">
    <ignored/>
  </testcase> <!-- testSix -->
  <testcase classname="ins.aiite.TestNGConcepts.GroupingSample" name="testFive" time="0.0">
    <ignored/>
  </testcase> <!-- testFive -->
  <testcase classname="ins.aiite.TestNGConcepts.GroupingSample" name="testThree" time="0.0">
    <ignored/>
  </testcase> <!-- testThree -->
  <testcase classname="ins.aiite.TestNGConcepts.GroupingSample" name="testFour" time="0.0">
    <ignored/>
  </testcase> <!-- testFour -->
</testsuite> <!-- Test -->
