<?xml version="1.0" encoding="UTF-8"?>
<!-- Generated by org.testng.reporters.JUnitXMLReporter -->
<testsuite ignored="0" hostname="DESKTOP-53EJ0K8" failures="1" tests="1" name="Test3" time="0.007" errors="0" timestamp="2023-12-18T18:59:56 IST">
  <testcase classname="ins.aiite.TestNGConcepts.PassingParameters" name="loginClick" time="0.002">
    <failure type="java.lang.NullPointerException" message="Cannot invoke &amp;quot;org.openqa.selenium.WebDriver.manage()&amp;quot; because &amp;quot;org.baseclass.BaseClass.driver&amp;quot; is null">
      <![CDATA[java.lang.NullPointerException: Cannot invoke "org.openqa.selenium.WebDriver.manage()" because "org.baseclass.BaseClass.driver" is null
at org.baseclass.BaseClass.maximizeWindow(BaseClass.java:71)
at ins.aiite.TestNGConcepts.PassingParameters.loginClick(PassingParameters.java:18)
at java.base/java.util.ArrayList.forEach(ArrayList.java:1511)
... Removed 27 stack frames]]>
    </failure>
  </testcase> <!-- loginClick -->
</testsuite> <!-- Test3 -->
