<?xml version="1.0" encoding="UTF-8"?>
<!-- Generated by org.testng.reporters.JUnitXMLReporter -->
<testsuite ignored="1" hostname="DESKTOP-53EJ0K8" failures="3" tests="3" name="Test(failed)" time="0.463" errors="0" timestamp="2023-12-30T11:21:02 IST">
  <testcase classname="org.ProjectExec.AdactimProjExe" name="@AfterClass close" time="0.001">
    <failure type="java.lang.NullPointerException" message="Cannot invoke &amp;quot;org.openqa.selenium.WebDriver.close()&amp;quot; because &amp;quot;org.ProjectExec.AdactimProjExe.driver&amp;quot; is null">
      <![CDATA[java.lang.NullPointerException: Cannot invoke "org.openqa.selenium.WebDriver.close()" because "org.ProjectExec.AdactimProjExe.driver" is null
at org.ProjectExec.AdactimProjExe.close(AdactimProjExe.java:61)
at java.base/java.util.ArrayList.forEach(ArrayList.java:1511)
... Removed 25 stack frames]]>
    </failure>
  </testcase> <!-- @AfterClass close -->
  <testcase classname="org.ProjectExec.AdactimProjExe" name="searchHotel" time="0.353">
    <failure type="java.lang.NullPointerException" message="Cannot invoke &amp;quot;org.openqa.selenium.SearchContext.findElement(org.openqa.selenium.By)&amp;quot; because &amp;quot;this.searchContext&amp;quot; is null">
      <![CDATA[java.lang.NullPointerException: Cannot invoke "org.openqa.selenium.SearchContext.findElement(org.openqa.selenium.By)" because "this.searchContext" is null
at org.openqa.selenium.support.pagefactory.DefaultElementLocator.findElement(DefaultElementLocator.java:68)
at org.openqa.selenium.support.pagefactory.internal.LocatingElementHandler.invoke(LocatingElementHandler.java:38)
at jdk.proxy2/jdk.proxy2.$Proxy12.getTagName(Unknown Source)
at org.openqa.selenium.support.ui.Select.<init>(Select.java:43)
at org.baseclass.BaseClass.selectText(BaseClass.java:151)
at org.PageExecution.SearchHotelPageExecution.location(SearchHotelPageExecution.java:8)
at org.ProjectExec.AdactimProjExe.searchHotel(AdactimProjExe.java:27)
at java.base/java.util.ArrayList.forEach(ArrayList.java:1511)
... Removed 27 stack frames]]>
    </failure>
  </testcase> <!-- searchHotel -->
  <testcase classname="org.ProjectExec.AdactimProjExe" name="selectHotel" time="0.002">
    <failure type="java.lang.NullPointerException" message="Cannot invoke &amp;quot;org.openqa.selenium.SearchContext.findElement(org.openqa.selenium.By)&amp;quot; because &amp;quot;this.searchContext&amp;quot; is null">
      <![CDATA[java.lang.NullPointerException: Cannot invoke "org.openqa.selenium.SearchContext.findElement(org.openqa.selenium.By)" because "this.searchContext" is null
at org.openqa.selenium.support.pagefactory.DefaultElementLocator.findElement(DefaultElementLocator.java:68)
at org.openqa.selenium.support.pagefactory.internal.LocatingElementHandler.invoke(LocatingElementHandler.java:38)
at jdk.proxy2/jdk.proxy2.$Proxy12.click(Unknown Source)
at org.baseclass.BaseClass.click(BaseClass.java:128)
at org.PageExecution.SelectHotelPageExecution.selectButton(SelectHotelPageExecution.java:8)
at org.ProjectExec.AdactimProjExe.selectHotel(AdactimProjExe.java:40)
at java.base/java.util.ArrayList.forEach(ArrayList.java:1511)
... Removed 27 stack frames]]>
    </failure>
  </testcase> <!-- selectHotel -->
  <testcase classname="org.ProjectExec.AdactimProjExe" name="BookHotel" time="0.029">
    <failure type="java.lang.NullPointerException" message="Cannot invoke &amp;quot;org.apache.poi.ss.usermodel.Cell.getCellType()&amp;quot; because &amp;quot;cell&amp;quot; is null">
      <![CDATA[java.lang.NullPointerException: Cannot invoke "org.apache.poi.ss.usermodel.Cell.getCellType()" because "cell" is null
at org.baseclass.BaseClass.excelRead(BaseClass.java:217)
at org.PageExecution.BookHotelPageExecution.firstName(BookHotelPageExecution.java:8)
at org.ProjectExec.AdactimProjExe.BookHotel(AdactimProjExe.java:46)
at java.base/java.util.ArrayList.forEach(ArrayList.java:1511)
... Removed 27 stack frames]]>
    </failure>
  </testcase> <!-- BookHotel -->
  <testcase classname="org.ProjectExec.AdactimProjExe" name="loginClick" time="0.0">
    <ignored/>
  </testcase> <!-- loginClick -->
</testsuite> <!-- Test(failed) -->
