<?xml version="1.0" encoding="UTF-8"?>
<testng-results ignored="4" total="6" passed="2" failed="0" skipped="0">
  <reporter-output>
  </reporter-output>
  <suite started-at="2024-01-06T06:47:30 IST" name="Suite" finished-at="2024-01-06T06:47:31 IST" duration-ms="352">
    <groups>
      <group name="Sanity">
        <method signature="GroupingSample.testTwo()[pri:1, instance:ins.aiite.TestNGConcepts.GroupingSample@4310d43]" name="testTwo" class="ins.aiite.TestNGConcepts.GroupingSample"/>
        <method signature="GroupingSample.testOne()[pri:2, instance:ins.aiite.TestNGConcepts.GroupingSample@4310d43]" name="testOne" class="ins.aiite.TestNGConcepts.GroupingSample"/>
      </group> <!-- Sanity -->
      <group name="Regression">
        <method signature="GroupingSample.testTwo()[pri:1, instance:ins.aiite.TestNGConcepts.GroupingSample@4310d43]" name="testTwo" class="ins.aiite.TestNGConcepts.GroupingSample"/>
      </group> <!-- Regression -->
    </groups>
    <test started-at="2024-01-06T06:47:30 IST" name="Test" finished-at="2024-01-06T06:47:31 IST" duration-ms="352">
      <class name="ins.aiite.TestNGConcepts.GroupingSample">
        <test-method signature="testTwo()[pri:1, instance:ins.aiite.TestNGConcepts.GroupingSample@4310d43]" started-at="2024-01-06T06:47:30 IST" name="testTwo" finished-at="2024-01-06T06:47:31 IST" duration-ms="17" status="PASS">
          <reporter-output>
          </reporter-output>
        </test-method> <!-- testTwo -->
        <test-method signature="testOne()[pri:2, instance:ins.aiite.TestNGConcepts.GroupingSample@4310d43]" started-at="2024-01-06T06:47:31 IST" name="testOne" finished-at="2024-01-06T06:47:31 IST" duration-ms="1" status="PASS">
          <reporter-output>
          </reporter-output>
        </test-method> <!-- testOne -->
      </class> <!-- ins.aiite.TestNGConcepts.GroupingSample -->
    </test> <!-- Test -->
  </suite> <!-- Suite -->
</testng-results>
